2025-08-04 13:58:16 [main] INFO  com.ssafy.recode.RecodeApplication - Starting RecodeApplication using Java 21.0.8 with PID 9804 (C:\Users\SSAFY\S13P11A507\back\build\classes\java\main started by SSAFY in C:\Users\SSAFY\S13P11A507\back)
2025-08-04 13:58:16 [main] DEBUG com.ssafy.recode.RecodeApplication - Running with Spring Boot v3.5.4, Spring v6.2.9
2025-08-04 13:58:16 [main] INFO  com.ssafy.recode.RecodeApplication - The following 2 profiles are active: "db", "dev"
2025-08-04 13:58:17 [main] INFO  o.s.d.r.c.RepositoryConfigurationDelegate - Bootstrapping Spring Data JPA repositories in DEFAULT mode.
2025-08-04 13:58:17 [main] INFO  o.s.d.r.c.RepositoryConfigurationDelegate - Finished Spring Data repository scanning in 52 ms. Found 6 JPA repository interfaces.
2025-08-04 13:58:17 [main] INFO  o.s.b.w.e.tomcat.TomcatWebServer - Tomcat initialized with port 8080 (http)
2025-08-04 13:58:17 [main] INFO  o.a.catalina.core.StandardService - Starting service [Tomcat]
2025-08-04 13:58:17 [main] INFO  o.a.catalina.core.StandardEngine - Starting Servlet engine: [Apache Tomcat/10.1.43]
2025-08-04 13:58:17 [main] INFO  o.a.c.c.C.[Tomcat].[localhost].[/] - Initializing Spring embedded WebApplicationContext
2025-08-04 13:58:17 [main] INFO  o.s.b.w.s.c.ServletWebServerApplicationContext - Root WebApplicationContext: initialization completed in 1263 ms
2025-08-04 13:58:17 [main] DEBUG o.s.w.f.ServerHttpObservationFilter - Filter 'webMvcObservationFilter' configured for use
2025-08-04 13:58:17 [main] INFO  com.zaxxer.hikari.HikariDataSource - HikariPool-1 - Starting...
2025-08-04 13:58:17 [main] INFO  com.zaxxer.hikari.pool.HikariPool - HikariPool-1 - Added connection com.mysql.cj.jdbc.ConnectionImpl@73b0ed03
2025-08-04 13:58:17 [main] INFO  com.zaxxer.hikari.HikariDataSource - HikariPool-1 - Start completed.
2025-08-04 13:58:18 [main] INFO  o.h.jpa.internal.util.LogHelper - HHH000204: Processing PersistenceUnitInfo [name: default]
2025-08-04 13:58:18 [main] INFO  org.hibernate.Version - HHH000412: Hibernate ORM core version 6.6.22.Final
2025-08-04 13:58:18 [main] INFO  o.h.c.i.RegionFactoryInitiator - HHH000026: Second-level cache disabled
2025-08-04 13:58:18 [main] INFO  o.s.o.j.p.SpringPersistenceUnitInfo - No LoadTimeWeaver setup: ignoring JPA class transformer
2025-08-04 13:58:18 [main] WARN  org.hibernate.orm.deprecation - HHH90000025: MySQLDialect does not need to be specified explicitly using 'hibernate.dialect' (remove the property setting and it will be selected by default)
2025-08-04 13:58:18 [main] INFO  o.hibernate.orm.connections.pooling - HHH10001005: Database info:
	Database JDBC URL [Connecting through datasource 'HikariDataSource (HikariPool-1)']
	Database driver: undefined/unknown
	Database version: 9.4
	Autocommit mode: undefined/unknown
	Isolation level: undefined/unknown
	Minimum pool size: undefined/unknown
	Maximum pool size: undefined/unknown
2025-08-04 13:58:19 [main] INFO  o.h.e.t.j.p.i.JtaPlatformInitiator - HHH000489: No JTA platform available (set 'hibernate.transaction.jta.platform' to enable JTA platform integration)
2025-08-04 13:58:19 [main] INFO  o.s.o.j.LocalContainerEntityManagerFactoryBean - Initialized JPA EntityManagerFactory for persistence unit 'default'
2025-08-04 13:58:19 [main] INFO  o.s.d.j.r.query.QueryEnhancerFactory - Hibernate is in classpath; If applicable, HQL parser will be used.
2025-08-04 13:58:20 [main] WARN  o.s.b.a.o.j.JpaBaseConfiguration$JpaWebConfiguration - spring.jpa.open-in-view is enabled by default. Therefore, database queries may be performed during view rendering. Explicitly configure spring.jpa.open-in-view to disable this warning
2025-08-04 13:58:20 [main] INFO  o.s.b.a.w.s.WelcomePageHandlerMapping - Adding welcome page template: index
2025-08-04 13:58:20 [main] INFO  o.s.v.b.OptionalValidatorFactoryBean - Failed to set up a Bean Validation provider: jakarta.validation.NoProviderFoundException: Unable to create a Configuration, because no Jakarta Bean Validation provider could be found. Add a provider like Hibernate Validator (RI) to your classpath.
2025-08-04 13:58:20 [main] DEBUG o.s.w.s.m.m.a.RequestMappingHandlerMapping - 33 mappings in 'requestMappingHandlerMapping'
2025-08-04 13:58:20 [main] DEBUG o.s.w.s.h.SimpleUrlHandlerMapping - Patterns [/webjars/**, /**, /swagger-ui*/*swagger-initializer.js, /swagger-ui*/**] in 'resourceHandlerMapping'
2025-08-04 13:58:20 [main] DEBUG o.s.w.s.m.m.a.RequestMappingHandlerAdapter - ControllerAdvice beans: 0 @ModelAttribute, 0 @InitBinder, 1 RequestBodyAdvice, 1 ResponseBodyAdvice
2025-08-04 13:58:20 [main] DEBUG o.s.w.s.m.m.a.ExceptionHandlerExceptionResolver - ControllerAdvice beans: 1 @ExceptionHandler, 1 ResponseBodyAdvice
2025-08-04 13:58:20 [main] INFO  o.s.b.a.e.web.EndpointLinksResolver - Exposing 1 endpoint beneath base path '/actuator'
2025-08-04 13:58:20 [main] INFO  o.s.b.w.e.tomcat.TomcatWebServer - Tomcat started on port 8080 (http) with context path '/'
2025-08-04 13:58:20 [main] INFO  com.ssafy.recode.RecodeApplication - Started RecodeApplication in 5.043 seconds (process running for 5.588)
2025-08-04 13:58:21 [RMI TCP Connection(1)-169.254.178.76] INFO  o.a.c.c.C.[Tomcat].[localhost].[/] - Initializing Spring DispatcherServlet 'dispatcherServlet'
2025-08-04 13:58:21 [RMI TCP Connection(1)-169.254.178.76] INFO  o.s.web.servlet.DispatcherServlet - Initializing Servlet 'dispatcherServlet'
2025-08-04 13:58:21 [RMI TCP Connection(1)-169.254.178.76] DEBUG o.s.web.servlet.DispatcherServlet - Detected StandardServletMultipartResolver
2025-08-04 13:58:21 [RMI TCP Connection(1)-169.254.178.76] DEBUG o.s.web.servlet.DispatcherServlet - Detected AcceptHeaderLocaleResolver
2025-08-04 13:58:21 [RMI TCP Connection(1)-169.254.178.76] DEBUG o.s.web.servlet.DispatcherServlet - Detected FixedThemeResolver
2025-08-04 13:58:21 [RMI TCP Connection(1)-169.254.178.76] DEBUG o.s.web.servlet.DispatcherServlet - Detected org.springframework.web.servlet.view.DefaultRequestToViewNameTranslator@7bad8257
2025-08-04 13:58:21 [RMI TCP Connection(1)-169.254.178.76] DEBUG o.s.web.servlet.DispatcherServlet - Detected org.springframework.web.servlet.support.SessionFlashMapManager@64079186
2025-08-04 13:58:21 [RMI TCP Connection(1)-169.254.178.76] DEBUG o.s.web.servlet.DispatcherServlet - enableLoggingRequestDetails='false': request parameters and headers will be masked to prevent unsafe logging of potentially sensitive data
2025-08-04 13:58:21 [RMI TCP Connection(1)-169.254.178.76] INFO  o.s.web.servlet.DispatcherServlet - Completed initialization in 2 ms
2025-08-04 13:59:01 [http-nio-8080-exec-3] DEBUG o.s.web.servlet.DispatcherServlet - GET "/feeds", parameters={}
2025-08-04 13:59:02 [http-nio-8080-exec-3] DEBUG o.s.w.s.m.m.a.RequestMappingHandlerMapping - Mapped to com.ssafy.recode.domain.feed.controller.FeedController#getAllFeeds(int, int)
2025-08-04 13:59:02 [http-nio-8080-exec-3] DEBUG org.hibernate.SQL - select n1_0.note_id,n1_0.content,n1_0.created_at,n1_0.fail_code,n1_0.fail_code_end,n1_0.fail_code_start,n1_0.is_deleted,n1_0.is_public,n1_0.note_title,n1_0.problem_id,n1_0.problem_name,n1_0.problem_tier,n1_0.success_code,n1_0.success_code_end,n1_0.success_code_start,n1_0.updated_at,n1_0.user_id,n1_0.view_count from notes n1_0 order by n1_0.created_at desc limit ?,?
2025-08-04 13:59:02 [http-nio-8080-exec-3] DEBUG org.hibernate.SQL - select count(n1_0.note_id) from notes n1_0
2025-08-04 13:59:02 [http-nio-8080-exec-3] DEBUG org.hibernate.SQL - select count(l1_0.like_id) from likes l1_0 left join feed f1_0 on f1_0.note_id=l1_0.note_id where f1_0.note_id=?
2025-08-04 13:59:03 [http-nio-8080-exec-3] DEBUG org.hibernate.SQL - select count(c1_0.comment_id) from comment c1_0 left join feed f1_0 on f1_0.note_id=c1_0.note_id where f1_0.note_id=?
2025-08-04 13:59:03 [http-nio-8080-exec-3] DEBUG org.hibernate.SQL - select u1_0.user_id,u1_0.bio,u1_0.boj_id,u1_0.email,u1_0.is_deleted,u1_0.nickname,u1_0.password,u1_0.recode_id,u1_0.user_tier from users u1_0 where u1_0.user_id=?
2025-08-04 13:59:03 [http-nio-8080-exec-3] DEBUG org.hibernate.SQL - select count(l1_0.like_id) from likes l1_0 left join feed f1_0 on f1_0.note_id=l1_0.note_id where f1_0.note_id=?
2025-08-04 13:59:03 [http-nio-8080-exec-3] DEBUG org.hibernate.SQL - select count(c1_0.comment_id) from comment c1_0 left join feed f1_0 on f1_0.note_id=c1_0.note_id where f1_0.note_id=?
2025-08-04 13:59:03 [http-nio-8080-exec-3] DEBUG org.hibernate.SQL - select count(l1_0.like_id) from likes l1_0 left join feed f1_0 on f1_0.note_id=l1_0.note_id where f1_0.note_id=?
2025-08-04 13:59:03 [http-nio-8080-exec-3] DEBUG org.hibernate.SQL - select count(c1_0.comment_id) from comment c1_0 left join feed f1_0 on f1_0.note_id=c1_0.note_id where f1_0.note_id=?
2025-08-04 13:59:04 [http-nio-8080-exec-3] DEBUG org.hibernate.SQL - select count(l1_0.like_id) from likes l1_0 left join feed f1_0 on f1_0.note_id=l1_0.note_id where f1_0.note_id=?
2025-08-04 13:59:04 [http-nio-8080-exec-3] DEBUG org.hibernate.SQL - select count(c1_0.comment_id) from comment c1_0 left join feed f1_0 on f1_0.note_id=c1_0.note_id where f1_0.note_id=?
2025-08-04 13:59:04 [http-nio-8080-exec-3] DEBUG org.hibernate.SQL - select count(l1_0.like_id) from likes l1_0 left join feed f1_0 on f1_0.note_id=l1_0.note_id where f1_0.note_id=?
2025-08-04 13:59:04 [http-nio-8080-exec-3] DEBUG org.hibernate.SQL - select count(c1_0.comment_id) from comment c1_0 left join feed f1_0 on f1_0.note_id=c1_0.note_id where f1_0.note_id=?
2025-08-04 13:59:04 [http-nio-8080-exec-3] DEBUG org.hibernate.SQL - select count(l1_0.like_id) from likes l1_0 left join feed f1_0 on f1_0.note_id=l1_0.note_id where f1_0.note_id=?
2025-08-04 13:59:04 [http-nio-8080-exec-3] DEBUG org.hibernate.SQL - select count(c1_0.comment_id) from comment c1_0 left join feed f1_0 on f1_0.note_id=c1_0.note_id where f1_0.note_id=?
2025-08-04 13:59:05 [http-nio-8080-exec-3] DEBUG org.hibernate.SQL - select count(l1_0.like_id) from likes l1_0 left join feed f1_0 on f1_0.note_id=l1_0.note_id where f1_0.note_id=?
2025-08-04 13:59:05 [http-nio-8080-exec-3] DEBUG org.hibernate.SQL - select count(c1_0.comment_id) from comment c1_0 left join feed f1_0 on f1_0.note_id=c1_0.note_id where f1_0.note_id=?
2025-08-04 13:59:05 [http-nio-8080-exec-3] DEBUG org.hibernate.SQL - select count(l1_0.like_id) from likes l1_0 left join feed f1_0 on f1_0.note_id=l1_0.note_id where f1_0.note_id=?
2025-08-04 13:59:05 [http-nio-8080-exec-3] DEBUG org.hibernate.SQL - select count(c1_0.comment_id) from comment c1_0 left join feed f1_0 on f1_0.note_id=c1_0.note_id where f1_0.note_id=?
2025-08-04 13:59:05 [http-nio-8080-exec-3] DEBUG org.hibernate.SQL - select count(l1_0.like_id) from likes l1_0 left join feed f1_0 on f1_0.note_id=l1_0.note_id where f1_0.note_id=?
2025-08-04 13:59:05 [http-nio-8080-exec-3] DEBUG org.hibernate.SQL - select count(c1_0.comment_id) from comment c1_0 left join feed f1_0 on f1_0.note_id=c1_0.note_id where f1_0.note_id=?
2025-08-04 13:59:05 [http-nio-8080-exec-3] DEBUG org.hibernate.SQL - select count(l1_0.like_id) from likes l1_0 left join feed f1_0 on f1_0.note_id=l1_0.note_id where f1_0.note_id=?
2025-08-04 13:59:05 [http-nio-8080-exec-3] DEBUG org.hibernate.SQL - select count(c1_0.comment_id) from comment c1_0 left join feed f1_0 on f1_0.note_id=c1_0.note_id where f1_0.note_id=?
2025-08-04 13:59:05 [http-nio-8080-exec-3] DEBUG org.hibernate.SQL - select count(l1_0.like_id) from likes l1_0 left join feed f1_0 on f1_0.note_id=l1_0.note_id where f1_0.note_id=?
2025-08-04 13:59:05 [http-nio-8080-exec-3] DEBUG org.hibernate.SQL - select count(c1_0.comment_id) from comment c1_0 left join feed f1_0 on f1_0.note_id=c1_0.note_id where f1_0.note_id=?
2025-08-04 13:59:05 [http-nio-8080-exec-3] DEBUG org.hibernate.SQL - select u1_0.user_id,u1_0.bio,u1_0.boj_id,u1_0.email,u1_0.is_deleted,u1_0.nickname,u1_0.password,u1_0.recode_id,u1_0.user_tier from users u1_0 where u1_0.user_id=?
2025-08-04 13:59:05 [http-nio-8080-exec-3] DEBUG org.hibernate.SQL - select count(l1_0.like_id) from likes l1_0 left join feed f1_0 on f1_0.note_id=l1_0.note_id where f1_0.note_id=?
2025-08-04 13:59:05 [http-nio-8080-exec-3] DEBUG org.hibernate.SQL - select count(c1_0.comment_id) from comment c1_0 left join feed f1_0 on f1_0.note_id=c1_0.note_id where f1_0.note_id=?
2025-08-04 13:59:05 [http-nio-8080-exec-3] DEBUG org.hibernate.SQL - select u1_0.user_id,u1_0.bio,u1_0.boj_id,u1_0.email,u1_0.is_deleted,u1_0.nickname,u1_0.password,u1_0.recode_id,u1_0.user_tier from users u1_0 where u1_0.user_id=?
2025-08-04 13:59:05 [http-nio-8080-exec-3] DEBUG org.hibernate.SQL - select count(l1_0.like_id) from likes l1_0 left join feed f1_0 on f1_0.note_id=l1_0.note_id where f1_0.note_id=?
2025-08-04 13:59:05 [http-nio-8080-exec-3] DEBUG org.hibernate.SQL - select count(c1_0.comment_id) from comment c1_0 left join feed f1_0 on f1_0.note_id=c1_0.note_id where f1_0.note_id=?
2025-08-04 13:59:05 [http-nio-8080-exec-3] DEBUG org.hibernate.SQL - select count(l1_0.like_id) from likes l1_0 left join feed f1_0 on f1_0.note_id=l1_0.note_id where f1_0.note_id=?
2025-08-04 13:59:05 [http-nio-8080-exec-3] DEBUG org.hibernate.SQL - select count(c1_0.comment_id) from comment c1_0 left join feed f1_0 on f1_0.note_id=c1_0.note_id where f1_0.note_id=?
2025-08-04 13:59:05 [http-nio-8080-exec-3] DEBUG org.hibernate.SQL - select count(l1_0.like_id) from likes l1_0 left join feed f1_0 on f1_0.note_id=l1_0.note_id where f1_0.note_id=?
2025-08-04 13:59:05 [http-nio-8080-exec-3] DEBUG org.hibernate.SQL - select count(c1_0.comment_id) from comment c1_0 left join feed f1_0 on f1_0.note_id=c1_0.note_id where f1_0.note_id=?
2025-08-04 13:59:05 [http-nio-8080-exec-3] DEBUG o.s.w.s.m.m.a.HttpEntityMethodProcessor - Using 'application/json', given [*/*] and supported [application/json, application/*+json, application/yaml]
2025-08-04 13:59:05 [http-nio-8080-exec-3] DEBUG o.s.w.s.m.m.a.HttpEntityMethodProcessor - Writing [com.ssafy.recode.global.dto.response.ApiListPagingResponse@6a650786]
2025-08-04 13:59:05 [http-nio-8080-exec-3] DEBUG o.s.web.servlet.DispatcherServlet - Completed 200 OK
